#
# A fatal error has been detected by the Java Runtime Environment:
#
#  SIGSEGV (0xb) at pc=0xb7675a0f, pid=27229, tid=3057760000
#
# JRE version: 6.0_24-b24
# Java VM: OpenJDK Server VM (20.0-b12 mixed mode linux-x86 )
# Derivative: IcedTea6 1.11.5
# Distribution: Ubuntu 12.04 LTS, package 6b24-1.11.5-0ubuntu1~12.04.1
# Problematic frame:
# C  [libpdp.so+0x1ba0f]  mechanismParseXML+0x31a
#
# If you would like to submit a bug report, please include
# instructions how to reproduce the bug and visit:
#   https://bugs.launchpad.net/ubuntu/+source/openjdk-6/
# The crash happened outside the Java Virtual Machine in native code.
# See problematic frame for where to report the bug.
#

---------------  T H R E A D  ---------------

Current thread (0x097a0c00):  JavaThread "main" [_thread_in_native, id=27229, stack(0xbfcf3000,0xbfd43000)]

siginfo:si_signo=SIGSEGV: si_errno=0, si_code=1 (SEGV_MAPERR), si_addr=0x00000008

Registers:
EAX=0x00000000, EBX=0xb76efff4, ECX=0xb7644448, EDX=0x0985db80
ESP=0xbfd40450, EBP=0xbfd404b8, ESI=0x00000004, EDI=0x0804e8ea
EIP=0xb7675a0f, EFLAGS=0x00010286, CR2=0x00000008

Top of Stack: (sp=0xbfd40450)
0xbfd40450:   0979b990 09863768 00000002 b76c4020
0xbfd40460:   09880df0 00000003 0986a768 b765a000
0xbfd40470:   b765ca80 00096080 b7644440 ffffffff
0xbfd40480:   b7644a20 b765c4c0 0987bfb0 00000037
0xbfd40490:   09880df0 0985db80 09863768 00000000
0xbfd404a0:   bfd40508 b77176a0 00000014 b76efff4
0xbfd404b0:   00000000 00000000 bfd40508 b7680c43
0xbfd404c0:   09863368 0804e8b8 b76f0e40 ffffffff 

Instructions: (pc=0xb7675a0f)
0xb76759ef:   8b 55 e0 89 54 24 04 89 04 24 e8 22 d5 fe ff 8b
0xb76759ff:   55 dc 89 42 24 8b 45 dc 8b 40 24 8b 00 8b 40 14
0xb7675a0f:   8b 48 08 8b 45 dc 8b 40 24 8b 00 8b 10 8b 45 dc
0xb7675a1f:   8b 40 24 8b 00 8b 40 14 c7 44 24 08 00 00 00 00 

Register to memory mapping:

EAX=0x00000000 is an unknown value
EBX=0xb76efff4: <offset 0x95ff4> in /home/qdft/pef/pef/bin/linux/components/pdp/libpdp.so at 0xb765a000
ECX=0xb7644448: <offset 0x1a6448> in /lib/i386-linux-gnu/libc.so.6 at 0xb749e000
EDX=0x0985db80 is an unknown value
ESP=0xbfd40450 is pointing into the stack for thread: 0x097a0c00
EBP=0xbfd404b8 is pointing into the stack for thread: 0x097a0c00
ESI=0x00000004 is an unknown value
EDI=0x0804e8ea: <offset 0x68ea> in ./../../../bin/linux/applications/tests/testpdp at 0x08048000


Stack: [0xbfcf3000,0xbfd43000],  sp=0xbfd40450,  free space=309k
Native frames: (J=compiled Java code, j=interpreted, Vv=VM code, C=native code)
C  [libpdp.so+0x1ba0f]  mechanismParseXML+0x31a
C  [libpdp.so+0x26c43]  mechanismInstall+0x26
C  [libpdp.so+0x26b75]  searchMechanismNodes+0x2a1
C  [libpdp.so+0x24d7c]  loadPolicy+0x12c
C  [libpdp.so+0xa2d9]  pdpDeployPolicy+0xb2
C  [testpdp+0xe34]  eventAddParamString+0xe34


---------------  P R O C E S S  ---------------

Java Threads: ( => current thread )
  0x09842800 JavaThread "Low Memory Detector" daemon [_thread_blocked, id=27238, stack(0x6b40b000,0x6b45c000)]
  0x09840c00 JavaThread "C2 CompilerThread1" daemon [_thread_blocked, id=27237, stack(0x6b45c000,0x6b4dd000)]
  0x0983ec00 JavaThread "C2 CompilerThread0" daemon [_thread_blocked, id=27236, stack(0x6b4dd000,0x6b55e000)]
  0x0983d400 JavaThread "Attach Listener" daemon [_thread_blocked, id=27235, stack(0x6b55e000,0x6b5af000)]
  0x0982e000 JavaThread "Finalizer" daemon [_thread_blocked, id=27234, stack(0x6b7af000,0x6b800000)]
  0x09829400 JavaThread "Reference Handler" daemon [_thread_blocked, id=27233, stack(0x6b91d000,0x6b96e000)]
=>0x097a0c00 JavaThread "main" [_thread_in_native, id=27229, stack(0xbfcf3000,0xbfd43000)]

Other Threads:
  0x09825800 VMThread [stack: 0x6bc4c000,0x6bccd000] [id=27232]
  0x09844400 WatcherThread [stack: 0x6b38a000,0x6b40b000] [id=27239]

VM state:not at safepoint (normal execution)

VM Mutex/Monitor currently owned by a thread: None

Heap
 PSYoungGen      total 18816K, used 323K [0x9e2e0000, 0x9f7d0000, 0xb32e0000)
  eden space 16192K, 2% used [0x9e2e0000,0x9e330f70,0x9f2b0000)
  from space 2624K, 0% used [0x9f540000,0x9f540000,0x9f7d0000)
  to   space 2624K, 0% used [0x9f2b0000,0x9f2b0000,0x9f540000)
 PSOldGen        total 43008K, used 0K [0x742e0000, 0x76ce0000, 0x9e2e0000)
  object space 43008K, 0% used [0x742e0000,0x742e0000,0x76ce0000)
 PSPermGen       total 16384K, used 1754K [0x6c2e0000, 0x6d2e0000, 0x742e0000)
  object space 16384K, 10% used [0x6c2e0000,0x6c496838,0x6d2e0000)

Code Cache  [0xb33a3000, 0xb35e3000, 0xb63a3000)
 total_blobs=90 nmethods=0 adapters=58 free_code_cache=50039232 largest_free_block=0

Dynamic libraries:
08048000-0804f000 r-xp 00000000 08:01 847775     /home/qdft/pef/pef/bin/linux/applications/tests/testpdp
0804f000-08050000 r--p 00006000 08:01 847775     /home/qdft/pef/pef/bin/linux/applications/tests/testpdp
08050000-08051000 rw-p 00007000 08:01 847775     /home/qdft/pef/pef/bin/linux/applications/tests/testpdp
0979a000-0988f000 rw-p 00000000 00:00 0          [heap]
6b38a000-6b38b000 ---p 00000000 00:00 0 
6b38b000-6b40b000 rw-p 00000000 00:00 0 
6b40b000-6b40e000 ---p 00000000 00:00 0 
6b40e000-6b45c000 rw-p 00000000 00:00 0 
6b45c000-6b45f000 ---p 00000000 00:00 0 
6b45f000-6b4dd000 rw-p 00000000 00:00 0 
6b4dd000-6b4e0000 ---p 00000000 00:00 0 
6b4e0000-6b55e000 rw-p 00000000 00:00 0 
6b55e000-6b561000 ---p 00000000 00:00 0 
6b561000-6b5af000 rw-p 00000000 00:00 0 
6b5af000-6b7af000 r--p 00000000 08:01 139907     /usr/lib/locale/locale-archive
6b7af000-6b7b2000 ---p 00000000 00:00 0 
6b7b2000-6b800000 rw-p 00000000 00:00 0 
6b800000-6b821000 rw-p 00000000 00:00 0 
6b821000-6b900000 ---p 00000000 00:00 0 
6b91d000-6b920000 ---p 00000000 00:00 0 
6b920000-6b96e000 rw-p 00000000 00:00 0 
6b96e000-6bb00000 r--s 037c2000 08:01 136313     /usr/lib/jvm/java-6-openjdk-i386/jre/lib/rt.jar
6bb00000-6bb21000 rw-p 00000000 00:00 0 
6bb21000-6bc00000 ---p 00000000 00:00 0 
6bc4c000-6bc4d000 ---p 00000000 00:00 0 
6bc4d000-6bd00000 rw-p 00000000 00:00 0 
6bd00000-6bd21000 rw-p 00000000 00:00 0 
6bd21000-6be00000 ---p 00000000 00:00 0 
6be02000-6be03000 r--s 00007000 08:01 402146     /usr/share/java/java-atk-wrapper.jar
6be03000-6be06000 r--s 00031000 08:01 158817     /usr/lib/jvm/java-6-openjdk-common/jre/lib/ext/sunjce_provider.jar
6be06000-6be08000 r--s 00001000 08:01 158820     /usr/lib/jvm/java-6-openjdk-common/jre/lib/ext/dnsns.jar
6be08000-6be0a000 r--s 0000f000 08:01 158818     /usr/lib/jvm/java-6-openjdk-common/jre/lib/ext/pulse-java.jar
6be0a000-6be0e000 r--s 00038000 08:01 158819     /usr/lib/jvm/java-6-openjdk-common/jre/lib/ext/sunpkcs11.jar
6be0e000-6be15000 r--s 00000000 08:01 142553     /usr/lib/i386-linux-gnu/gconv/gconv-modules.cache
6be15000-6be16000 ---p 00000000 00:00 0 
6be16000-6be96000 rw-p 00000000 00:00 0 
6be96000-6be97000 ---p 00000000 00:00 0 
6be97000-6bf1f000 rw-p 00000000 00:00 0 
6bf1f000-6bf57000 rw-p 00000000 00:00 0 
6bf57000-6bf6c000 rw-p 00000000 00:00 0 
6bf6c000-6c0a7000 rw-p 00000000 00:00 0 
6c0a7000-6c0af000 rw-p 00000000 00:00 0 
6c0af000-6c0e7000 rw-p 00000000 00:00 0 
6c0e7000-6c0fc000 rw-p 00000000 00:00 0 
6c0fc000-6c237000 rw-p 00000000 00:00 0 
6c237000-6c242000 rw-p 00000000 00:00 0 
6c242000-6c2df000 rw-p 00000000 00:00 0 
6c2df000-6d2e0000 rw-p 00000000 00:00 0 
6d2e0000-742e0000 rw-p 00000000 00:00 0 
742e0000-76ce0000 rw-p 00000000 00:00 0 
76ce0000-9e2e0000 rw-p 00000000 00:00 0 
9e2e0000-9f7d0000 rw-p 00000000 00:00 0 
9f7d0000-b32e0000 rw-p 00000000 00:00 0 
b32e0000-b32e3000 r--s 00077000 08:01 158821     /usr/lib/jvm/java-6-openjdk-common/jre/lib/ext/localedata.jar
b32e3000-b32ec000 rw-p 00000000 00:00 0 
b32ec000-b33a3000 rw-p 00000000 00:00 0 
b33a3000-b35e3000 rwxp 00000000 00:00 0 
b35e3000-b63a3000 rw-p 00000000 00:00 0 
b63a3000-b63ae000 r-xp 00000000 08:01 922332     /lib/i386-linux-gnu/libnss_files-2.15.so
b63ae000-b63af000 r--p 0000a000 08:01 922332     /lib/i386-linux-gnu/libnss_files-2.15.so
b63af000-b63b0000 rw-p 0000b000 08:01 922332     /lib/i386-linux-gnu/libnss_files-2.15.so
b63b0000-b63ba000 r-xp 00000000 08:01 922404     /lib/i386-linux-gnu/libnss_nis-2.15.so
b63ba000-b63bb000 r--p 00009000 08:01 922404     /lib/i386-linux-gnu/libnss_nis-2.15.so
b63bb000-b63bc000 rw-p 0000a000 08:01 922404     /lib/i386-linux-gnu/libnss_nis-2.15.so
b63bc000-b63d2000 r-xp 00000000 08:01 922384     /lib/i386-linux-gnu/libnsl-2.15.so
b63d2000-b63d3000 r--p 00015000 08:01 922384     /lib/i386-linux-gnu/libnsl-2.15.so
b63d3000-b63d4000 rw-p 00016000 08:01 922384     /lib/i386-linux-gnu/libnsl-2.15.so
b63d4000-b63d6000 rw-p 00000000 00:00 0 
b63d6000-b63dd000 r-xp 00000000 08:01 922165     /lib/i386-linux-gnu/libnss_compat-2.15.so
b63dd000-b63de000 r--p 00006000 08:01 922165     /lib/i386-linux-gnu/libnss_compat-2.15.so
b63de000-b63df000 rw-p 00007000 08:01 922165     /lib/i386-linux-gnu/libnss_compat-2.15.so
b63e0000-b63e7000 r-xp 00000000 08:01 136626     /usr/lib/jvm/java-6-openjdk-i386/jre/lib/i386/libzip.so
b63e7000-b63e8000 r--p 00006000 08:01 136626     /usr/lib/jvm/java-6-openjdk-i386/jre/lib/i386/libzip.so
b63e8000-b63e9000 rw-p 00007000 08:01 136626     /usr/lib/jvm/java-6-openjdk-i386/jre/lib/i386/libzip.so
b63e9000-b63f1000 rw-s 00000000 08:01 1048730    /tmp/hsperfdata_qdft/27229
b63f1000-b6417000 r-xp 00000000 08:01 136621     /usr/lib/jvm/java-6-openjdk-i386/jre/lib/i386/libjava.so
b6417000-b6418000 r--p 00025000 08:01 136621     /usr/lib/jvm/java-6-openjdk-i386/jre/lib/i386/libjava.so
b6418000-b641a000 rw-p 00026000 08:01 136621     /usr/lib/jvm/java-6-openjdk-i386/jre/lib/i386/libjava.so
b641a000-b641d000 rw-p 00000000 00:00 0 
b641d000-b6439000 r-xp 00000000 08:01 918454     /lib/i386-linux-gnu/libgcc_s.so.1
b6439000-b643a000 r--p 0001b000 08:01 918454     /lib/i386-linux-gnu/libgcc_s.so.1
b643a000-b643b000 rw-p 0001c000 08:01 918454     /lib/i386-linux-gnu/libgcc_s.so.1
b643b000-b643c000 rw-p 00000000 00:00 0 
b643c000-b6514000 r-xp 00000000 08:01 136242     /usr/lib/i386-linux-gnu/libstdc++.so.6.0.16
b6514000-b6515000 ---p 000d8000 08:01 136242     /usr/lib/i386-linux-gnu/libstdc++.so.6.0.16
b6515000-b6519000 r--p 000d8000 08:01 136242     /usr/lib/i386-linux-gnu/libstdc++.so.6.0.16
b6519000-b651a000 rw-p 000dc000 08:01 136242     /usr/lib/i386-linux-gnu/libstdc++.so.6.0.16
b651a000-b6521000 rw-p 00000000 00:00 0 
b6521000-b654b000 r-xp 00000000 08:01 922204     /lib/i386-linux-gnu/libm-2.15.so
b654b000-b654c000 r--p 00029000 08:01 922204     /lib/i386-linux-gnu/libm-2.15.so
b654c000-b654d000 rw-p 0002a000 08:01 922204     /lib/i386-linux-gnu/libm-2.15.so
b654d000-b6561000 r-xp 00000000 08:01 918544     /lib/i386-linux-gnu/libz.so.1.2.3.4
b6561000-b6562000 r--p 00013000 08:01 918544     /lib/i386-linux-gnu/libz.so.1.2.3.4
b6562000-b6563000 rw-p 00014000 08:01 918544     /lib/i386-linux-gnu/libz.so.1.2.3.4
b6563000-b6566000 r-xp 00000000 08:01 922312     /lib/i386-linux-gnu/libdl-2.15.so
b6566000-b6567000 r--p 00002000 08:01 922312     /lib/i386-linux-gnu/libdl-2.15.so
b6567000-b6568000 rw-p 00003000 08:01 922312     /lib/i386-linux-gnu/libdl-2.15.so
b6568000-b656f000 r-xp 00000000 08:01 922176     /lib/i386-linux-gnu/librt-2.15.so
b656f000-b6570000 r--p 00006000 08:01 922176     /lib/i386-linux-gnu/librt-2.15.so
b6570000-b6571000 rw-p 00007000 08:01 922176     /lib/i386-linux-gnu/librt-2.15.so
b6571000-b6572000 rw-p 00000000 00:00 0 
b6572000-b65ac000 r-xp 00000000 08:01 918506     /lib/i386-linux-gnu/libpcre.so.3.12.1
b65ac000-b65ad000 r--p 00039000 08:01 918506     /lib/i386-linux-gnu/libpcre.so.3.12.1
b65ad000-b65ae000 rw-p 0003a000 08:01 918506     /lib/i386-linux-gnu/libpcre.so.3.12.1
b65ae000-b6dcd000 r-xp 00000000 08:01 148951     /usr/lib/jvm/java-6-openjdk-i386/jre/lib/i386/server/libjvm.so
b6dcd000-b6dce000 ---p 0081f000 08:01 148951     /usr/lib/jvm/java-6-openjdk-i386/jre/lib/i386/server/libjvm.so
b6dce000-b6e13000 r--p 0081f000 08:01 148951     /usr/lib/jvm/java-6-openjdk-i386/jre/lib/i386/server/libjvm.so
b6e13000-b6e22000 rw-p 00864000 08:01 148951     /usr/lib/jvm/java-6-openjdk-i386/jre/lib/i386/server/libjvm.so
b6e22000-b723c000 rw-p 00000000 00:00 0 
b723c000-b7253000 r-xp 00000000 08:01 922392     /lib/i386-linux-gnu/libpthread-2.15.so
b7253000-b7254000 r--p 00016000 08:01 922392     /lib/i386-linux-gnu/libpthread-2.15.so
b7254000-b7255000 rw-p 00017000 08:01 922392     /lib/i386-linux-gnu/libpthread-2.15.so
b7255000-b7257000 rw-p 00000000 00:00 0 
b7257000-b739e000 r-xp 00000000 08:01 136389     /usr/lib/i386-linux-gnu/libxml2.so.2.7.8
b739e000-b73a2000 r--p 00147000 08:01 136389     /usr/lib/i386-linux-gnu/libxml2.so.2.7.8
b73a2000-b73a3000 rw-p 0014b000 08:01 136389     /usr/lib/i386-linux-gnu/libxml2.so.2.7.8
b73a3000-b73a4000 rw-p 00000000 00:00 0 
b73a4000-b749b000 r-xp 00000000 08:01 918458     /lib/i386-linux-gnu/libglib-2.0.so.0.3200.3
b749b000-b749c000 r--p 000f6000 08:01 918458     /lib/i386-linux-gnu/libglib-2.0.so.0.3200.3
b749c000-b749d000 rw-p 000f7000 08:01 918458     /lib/i386-linux-gnu/libglib-2.0.so.0.3200.3
b749d000-b749e000 rw-p 00000000 00:00 0 
b749e000-b7641000 r-xp 00000000 08:01 922388     /lib/i386-linux-gnu/libc-2.15.so
b7641000-b7642000 ---p 001a3000 08:01 922388     /lib/i386-linux-gnu/libc-2.15.so
b7642000-b7644000 r--p 001a3000 08:01 922388     /lib/i386-linux-gnu/libc-2.15.so
b7644000-b7645000 rw-p 001a5000 08:01 922388     /lib/i386-linux-gnu/libc-2.15.so
b7645000-b7648000 rw-p 00000000 00:00 0 
b7648000-b7649000 r--p 005e0000 08:01 139907     /usr/lib/locale/locale-archive
b7649000-b764a000 rw-p 00000000 00:00 0 
b764a000-b764b000 r--p 00000000 00:00 0 
b764b000-b7656000 r-xp 00000000 08:01 158827     /usr/lib/jvm/java-6-openjdk-i386/jre/lib/i386/libverify.so
b7656000-b7657000 ---p 0000b000 08:01 158827     /usr/lib/jvm/java-6-openjdk-i386/jre/lib/i386/libverify.so
b7657000-b7658000 r--p 0000b000 08:01 158827     /usr/lib/jvm/java-6-openjdk-i386/jre/lib/i386/libverify.so
b7658000-b7659000 rw-p 0000c000 08:01 158827     /usr/lib/jvm/java-6-openjdk-i386/jre/lib/i386/libverify.so
b7659000-b765a000 rw-p 00000000 00:00 0 
b765a000-b76ed000 r-xp 00000000 08:01 847753     /home/qdft/pef/pef/bin/linux/components/pdp/libpdp.so
b76ed000-b76ee000 ---p 00093000 08:01 847753     /home/qdft/pef/pef/bin/linux/components/pdp/libpdp.so
b76ee000-b76f0000 r--p 00093000 08:01 847753     /home/qdft/pef/pef/bin/linux/components/pdp/libpdp.so
b76f0000-b76f1000 rw-p 00095000 08:01 847753     /home/qdft/pef/pef/bin/linux/components/pdp/libpdp.so
b76f1000-b7702000 rw-p 00000000 00:00 0 
b7702000-b7703000 r-xp 00000000 00:00 0          [vdso]
b7703000-b7723000 r-xp 00000000 08:01 922335     /lib/i386-linux-gnu/ld-2.15.so
b7723000-b7724000 r--p 0001f000 08:01 922335     /lib/i386-linux-gnu/ld-2.15.so
b7724000-b7725000 rw-p 00020000 08:01 922335     /lib/i386-linux-gnu/ld-2.15.so
bfcf3000-bfcf6000 ---p 00000000 00:00 0 
bfcf7000-bfd43000 rw-p 00000000 00:00 0          [stack]

VM Arguments:
jvm_args: -Xrs 
java_command: <unknown>
Launcher Type: generic

Environment Variables:
PATH=/usr/local/sbin:/usr/local/bin:/usr/sbin:/usr/bin:/sbin:/bin:/usr/games
LD_LIBRARY_PATH=/home/qdft/pef/pef/bin/linux/components/pdp/:/usr/lib/jvm/java-6-openjdk-i386/jre/lib/i386/server/
SHELL=/bin/bash
DISPLAY=:0

Signal Handlers:
SIGSEGV: [libjvm.so+0x66b320], sa_mask[0]=0x7ffbfeff, sa_flags=0x10000004
SIGBUS: [libjvm.so+0x66b320], sa_mask[0]=0x7ffbfeff, sa_flags=0x10000004
SIGFPE: [libjvm.so+0x52e8c0], sa_mask[0]=0x7ffbfeff, sa_flags=0x10000004
SIGPIPE: [libjvm.so+0x52e8c0], sa_mask[0]=0x7ffbfeff, sa_flags=0x10000004
SIGXFSZ: [libjvm.so+0x52e8c0], sa_mask[0]=0x7ffbfeff, sa_flags=0x10000004
SIGILL: [libjvm.so+0x52e8c0], sa_mask[0]=0x7ffbfeff, sa_flags=0x10000004
SIGUSR1: SIG_DFL, sa_mask[0]=0x00000000, sa_flags=0x00000000
SIGUSR2: [libjvm.so+0x52e750], sa_mask[0]=0x00000000, sa_flags=0x10000004
SIGHUP: SIG_DFL, sa_mask[0]=0x00000000, sa_flags=0x00000000
SIGINT: SIG_DFL, sa_mask[0]=0x00000000, sa_flags=0x00000000
SIGTERM: SIG_DFL, sa_mask[0]=0x00000000, sa_flags=0x00000000
SIGQUIT: SIG_DFL, sa_mask[0]=0x00000000, sa_flags=0x00000000


---------------  S Y S T E M  ---------------

OS:Ubuntu 12.04 (precise)
uname:Linux 3.2.0-32-generic-pae #51-Ubuntu SMP Wed Sep 26 21:54:23 UTC 2012 i686
libc:glibc 2.15 NPTL 2.15 
rlimit: STACK 8192k, CORE 0k, NPROC 32084, NOFILE 4096, AS infinity
load average:0.08 0.09 0.11

/proc/meminfo:
MemTotal:        4121332 kB
MemFree:         2778480 kB
Buffers:          227684 kB
Cached:           740700 kB
SwapCached:            0 kB
Active:           737560 kB
Inactive:         495308 kB
Active(anon):     265080 kB
Inactive(anon):     7208 kB
Active(file):     472480 kB
Inactive(file):   488100 kB
Unevictable:           0 kB
Mlocked:               0 kB
HighTotal:       3280776 kB
HighFree:        2249592 kB
LowTotal:         840556 kB
LowFree:          528888 kB
SwapTotal:       2094076 kB
SwapFree:        2094076 kB
Dirty:               900 kB
Writeback:             0 kB
AnonPages:        264488 kB
Mapped:           118332 kB
Shmem:              7860 kB
Slab:              69496 kB
SReclaimable:      53136 kB
SUnreclaim:        16360 kB
KernelStack:        2704 kB
PageTables:         6568 kB
NFS_Unstable:          0 kB
Bounce:                0 kB
WritebackTmp:          0 kB
CommitLimit:     4154740 kB
Committed_AS:    2103608 kB
VmallocTotal:     122880 kB
VmallocUsed:       22296 kB
VmallocChunk:      84028 kB
HardwareCorrupted:     0 kB
AnonHugePages:         0 kB
HugePages_Total:       0
HugePages_Free:        0
HugePages_Rsvd:        0
HugePages_Surp:        0
Hugepagesize:       2048 kB
DirectMap4k:       10232 kB
DirectMap2M:      903168 kB


CPU:total 2 (2 cores per cpu, 1 threads per core) family 6 model 42 stepping 7, cmov, cx8, fxsr, mmx, sse, sse2, sse3, ssse3, sse4.1, sse4.2, popcnt

Memory: 4k page, physical 4121332k(2778480k free), swap 2094076k(2094076k free)

vm_info: OpenJDK Server VM (20.0-b12) for linux-x86 JRE (1.6.0_24-b24), built on Oct 24 2012 16:19:13 by "buildd" with gcc 4.6.3

time: Tue Nov 20 18:26:33 2012
elapsed time: 0 seconds

