#
# A fatal error has been detected by the Java Runtime Environment:
#
#  SIGSEGV (0xb) at pc=0xb6ee9189, pid=3055, tid=3060913856
#
# JRE version: 6.0_26-b03
# Java VM: Java HotSpot(TM) Server VM (20.1-b02 mixed mode linux-x86 )
# Problematic frame:
# V  [libjvm.so+0x3f4189]  unsigned+0xe9
#
# If you would like to submit a bug report, please visit:
#   http://java.sun.com/webapps/bugreport/crash.jsp
#

---------------  T H R E A D  ---------------

Current thread (0x0832ec00):  JavaThread "main" [_thread_in_vm, id=3055, stack(0xbfdbf000,0xbfe0f000)]

siginfo:si_signo=SIGSEGV: si_errno=0, si_code=1 (SEGV_MAPERR), si_addr=0x00000000

Registers:
EAX=0x00000000, EBX=0xb72f6dc8, ECX=0xa77ff2c0, EDX=0xbfe0dee0
ESP=0xbfe0deb0, EBP=0xbfe0df38, ESI=0xbfe0dec0, EDI=0xa77ff2c0
EIP=0xb6ee9189, EFLAGS=0x00010282, CR2=0x00000000

Top of Stack: (sp=0xbfe0deb0)
0xbfe0deb0:   bfe0dee0 083b15c0 bfe0def0 0832ec00
0xbfe0dec0:   bfe0ded8 b67ec810 b68d44c0 b77aa804
0xbfe0ded0:   00000003 083b15c0 bfe0df38 b772528b
0xbfe0dee0:   0000000c b7748744 083b15c0 b77a132e
0xbfe0def0:   0832ec00 0832f4f0 000000a5 b7294520
0xbfe0df00:   0832ec00 b67f8454 b68d7680 b77ab640
0xbfe0df10:   0832ec00 00000000 bfe0df38 50a21a16
0xbfe0df20:   b72e76a4 bfe0df6c 00000000 b77aa804 

Instructions: (pc=0xb6ee9189)
0xb6ee9169:   78 04 85 ff 0f 85 32 02 00 00 8b 45 10 8d 55 a8
0xb6ee9179:   89 95 78 ff ff ff 8d 75 88 c7 45 a8 0c 00 00 00
0xb6ee9189:   8b 08 8d 7d 14 8b 41 08 8b 51 0c 83 c2 28 66 8b
0xb6ee9199:   40 2a 51 25 ff ff 00 00 8b 0c 82 8b 45 84 51 50 

Register to memory mapping:

EAX=0x00000000 is an unknown value
EBX=0xb72f6dc8: <offset 0x801dc8> in /usr/lib/jvm/java-6-sun/jre/lib/i386/server/libjvm.so at 0xb6af5000
ECX=0xa77ff2c0 is an oop
java.lang.NoClassDefFoundError 
 - klass: 'java/lang/NoClassDefFoundError'
EDX=0xbfe0dee0 is pointing into the stack for thread: 0x0832ec00
ESP=0xbfe0deb0 is pointing into the stack for thread: 0x0832ec00
EBP=0xbfe0df38 is pointing into the stack for thread: 0x0832ec00
ESI=0xbfe0dec0 is pointing into the stack for thread: 0x0832ec00
EDI=0xa77ff2c0 is an oop
java.lang.NoClassDefFoundError 
 - klass: 'java/lang/NoClassDefFoundError'


Stack: [0xbfdbf000,0xbfe0f000],  sp=0xbfe0deb0,  free space=315k
Native frames: (J=compiled Java code, j=interpreted, Vv=VM code, C=native code)
V  [libjvm.so+0x3f4189]  unsigned+0xe9
C  [libpdp.so+0x23dd6]  pipInitDataID+0x2b3
C  [libpdp.so+0x111e4]  long double+0x5c1
C  [libpdp.so+0x1bd45]  unsigned long+0x2e3
C  [libpdp.so+0x274f9]  unsigned long+0x26
C  [libpdp.so+0x27428]  short+0x2a1
C  [libpdp.so+0x256ab]  long+0x12c
C  [libpdp.so+0xad44]  pdpDeployPolicy+0xb2
C  [testpdp+0xeef]  __float128+0xeef
C  [libc.so.6+0x16ca6]  __libc_start_main+0xe6


---------------  P R O C E S S  ---------------

Java Threads: ( => current thread )
  0x0839cc00 JavaThread "Low Memory Detector" daemon [_thread_blocked, id=3062, stack(0xa711c000,0xa716d000)]
  0x08391800 JavaThread "C2 CompilerThread1" daemon [_thread_blocked, id=3061, stack(0xa716d000,0xa71ee000)]
  0x0838fc00 JavaThread "C2 CompilerThread0" daemon [_thread_blocked, id=3060, stack(0xa71ee000,0xa726f000)]
  0x0838e400 JavaThread "Attach Listener" daemon [_thread_blocked, id=3059, stack(0xa726f000,0xa72c0000)]
  0x0837cc00 JavaThread "Finalizer" daemon [_thread_blocked, id=3058, stack(0xa7435000,0xa7486000)]
  0x0837b400 JavaThread "Reference Handler" daemon [_thread_blocked, id=3057, stack(0xa7486000,0xa74d7000)]
=>0x0832ec00 JavaThread "main" [_thread_in_vm, id=3055, stack(0xbfdbf000,0xbfe0f000)]

Other Threads:
  0x08377800 VMThread [stack: 0xa74d7000,0xa7558000] [id=3056]
  0x0839ec00 WatcherThread [stack: 0xa709b000,0xa711c000] [id=3063]

VM state:not at safepoint (normal execution)

VM Mutex/Monitor currently owned by a thread: None

Heap
 def new generation   total 2432K, used 230K [0xa77d0000, 0xa7a70000, 0xaa1d0000)
  eden space 2176K,  10% used [0xa77d0000, 0xa7809958, 0xa79f0000)
  from space 256K,   0% used [0xa79f0000, 0xa79f0000, 0xa7a30000)
  to   space 256K,   0% used [0xa7a30000, 0xa7a30000, 0xa7a70000)
 tenured generation   total 5376K, used 0K [0xaa1d0000, 0xaa710000, 0xaf5d0000)
   the space 5376K,   0% used [0xaa1d0000, 0xaa1d0000, 0xaa1d0200, 0xaa710000)
 compacting perm gen  total 16384K, used 1609K [0xaf5d0000, 0xb05d0000, 0xb35d0000)
   the space 16384K,   9% used [0xaf5d0000, 0xaf7625e8, 0xaf762600, 0xb05d0000)
No shared spaces configured.

Code Cache  [0xb3696000, 0xb38d6000, 0xb6696000)
 total_blobs=90 nmethods=0 adapters=58 free_code_cache=50039104 largest_free_block=0

Dynamic libraries:
08048000-0804f000 r-xp 00000000 08:01 826417     /home/uc/workspace/pef/bin/linux/applications/tests/testpdp
0804f000-08050000 rw-p 00007000 08:01 826417     /home/uc/workspace/pef/bin/linux/applications/tests/testpdp
08328000-083fb000 rw-p 00000000 00:00 0          [heap]
a709b000-a709c000 ---p 00000000 00:00 0 
a709c000-a711c000 rwxp 00000000 00:00 0 
a711c000-a711f000 ---p 00000000 00:00 0 
a711f000-a716d000 rwxp 00000000 00:00 0 
a716d000-a7170000 ---p 00000000 00:00 0 
a7170000-a71ee000 rwxp 00000000 00:00 0 
a71ee000-a71f1000 ---p 00000000 00:00 0 
a71f1000-a726f000 rwxp 00000000 00:00 0 
a726f000-a7272000 ---p 00000000 00:00 0 
a7272000-a72c0000 rwxp 00000000 00:00 0 
a72c0000-a7435000 r--p 00000000 08:01 392671     /usr/lib/locale/locale-archive
a7435000-a7438000 ---p 00000000 00:00 0 
a7438000-a7486000 rwxp 00000000 00:00 0 
a7486000-a7489000 ---p 00000000 00:00 0 
a7489000-a74d7000 rwxp 00000000 00:00 0 
a74d7000-a74d8000 ---p 00000000 00:00 0 
a74d8000-a7558000 rwxp 00000000 00:00 0 
a7558000-a758c000 rw-p 00000000 00:00 0 
a758c000-a7724000 r--s 03029000 08:01 727956     /usr/lib/jvm/java-6-sun-1.6.0.26/jre/lib/rt.jar
a7724000-a772d000 rw-p 00000000 00:00 0 
a772d000-a7745000 rw-p 00000000 00:00 0 
a7745000-a7748000 rw-p 00000000 00:00 0 
a7748000-a7770000 rw-p 00000000 00:00 0 
a7770000-a7772000 rw-p 00000000 00:00 0 
a7772000-a7785000 rw-p 00000000 00:00 0 
a7785000-a7788000 rw-p 00000000 00:00 0 
a7788000-a77af000 rw-p 00000000 00:00 0 
a77af000-a77b7000 rw-p 00000000 00:00 0 
a77b7000-a77cf000 rw-p 00000000 00:00 0 
a77cf000-a7a70000 rw-p 00000000 00:00 0 
a7a70000-aa1d0000 rw-p 00000000 00:00 0 
aa1d0000-aa710000 rw-p 00000000 00:00 0 
aa710000-af5d0000 rw-p 00000000 00:00 0 
af5d0000-b05d0000 rw-p 00000000 00:00 0 
b05d0000-b35d0000 rw-p 00000000 00:00 0 
b35d6000-b35df000 rw-p 00000000 00:00 0 
b35df000-b3696000 rw-p 00000000 00:00 0 
b3696000-b38d6000 rwxp 00000000 00:00 0 
b38d6000-b6696000 rw-p 00000000 00:00 0 
b6696000-b66a5000 r-xp 00000000 08:01 760935     /usr/lib/jvm/java-6-sun-1.6.0.26/jre/lib/i386/libzip.so
b66a5000-b66a7000 rw-p 0000e000 08:01 760935     /usr/lib/jvm/java-6-sun-1.6.0.26/jre/lib/i386/libzip.so
b66a7000-b66b1000 r-xp 00000000 08:01 546733     /lib/i686/cmov/libnss_files-2.11.3.so
b66b1000-b66b2000 r--p 00009000 08:01 546733     /lib/i686/cmov/libnss_files-2.11.3.so
b66b2000-b66b3000 rw-p 0000a000 08:01 546733     /lib/i686/cmov/libnss_files-2.11.3.so
b66b3000-b66bb000 r-xp 00000000 08:01 546722     /lib/i686/cmov/libnss_nis-2.11.3.so
b66bb000-b66bc000 r--p 00008000 08:01 546722     /lib/i686/cmov/libnss_nis-2.11.3.so
b66bc000-b66bd000 rw-p 00009000 08:01 546722     /lib/i686/cmov/libnss_nis-2.11.3.so
b66bd000-b66c3000 r-xp 00000000 08:01 546750     /lib/i686/cmov/libnss_compat-2.11.3.so
b66c3000-b66c4000 r--p 00006000 08:01 546750     /lib/i686/cmov/libnss_compat-2.11.3.so
b66c4000-b66c5000 rw-p 00007000 08:01 546750     /lib/i686/cmov/libnss_compat-2.11.3.so
b66c5000-b66d8000 r-xp 00000000 08:01 546729     /lib/i686/cmov/libnsl-2.11.3.so
b66d8000-b66d9000 r--p 00012000 08:01 546729     /lib/i686/cmov/libnsl-2.11.3.so
b66d9000-b66da000 rw-p 00013000 08:01 546729     /lib/i686/cmov/libnsl-2.11.3.so
b66da000-b66dc000 rw-p 00000000 00:00 0 
b66dd000-b66e4000 r--s 00000000 08:01 376473     /usr/lib/gconv/gconv-modules.cache
b66e4000-b66ec000 rw-s 00000000 08:01 881341     /tmp/hsperfdata_uc/3055
b66ec000-b670f000 r-xp 00000000 08:01 760917     /usr/lib/jvm/java-6-sun-1.6.0.26/jre/lib/i386/libjava.so
b670f000-b6711000 rw-p 00023000 08:01 760917     /usr/lib/jvm/java-6-sun-1.6.0.26/jre/lib/i386/libjava.so
b6711000-b671c000 r-xp 00000000 08:01 760910     /usr/lib/jvm/java-6-sun-1.6.0.26/jre/lib/i386/libverify.so
b671c000-b671d000 rw-p 0000b000 08:01 760910     /usr/lib/jvm/java-6-sun-1.6.0.26/jre/lib/i386/libverify.so
b671d000-b671f000 rw-p 00000000 00:00 0 
b671f000-b6732000 r-xp 00000000 08:01 377748     /usr/lib/libz.so.1.2.3.4
b6732000-b6733000 rw-p 00013000 08:01 377748     /usr/lib/libz.so.1.2.3.4
b6733000-b6765000 r-xp 00000000 08:01 530411     /lib/libpcre.so.3.12.1
b6765000-b6766000 rw-p 00031000 08:01 530411     /lib/libpcre.so.3.12.1
b6766000-b6768000 r-xp 00000000 08:01 546725     /lib/i686/cmov/libdl-2.11.3.so
b6768000-b6769000 r--p 00001000 08:01 546725     /lib/i686/cmov/libdl-2.11.3.so
b6769000-b676a000 rw-p 00002000 08:01 546725     /lib/i686/cmov/libdl-2.11.3.so
b676a000-b676b000 rw-p 00000000 00:00 0 
b676b000-b678f000 r-xp 00000000 08:01 546726     /lib/i686/cmov/libm-2.11.3.so
b678f000-b6790000 r--p 00023000 08:01 546726     /lib/i686/cmov/libm-2.11.3.so
b6790000-b6791000 rw-p 00024000 08:01 546726     /lib/i686/cmov/libm-2.11.3.so
b6791000-b68d1000 r-xp 00000000 08:01 546746     /lib/i686/cmov/libc-2.11.3.so
b68d1000-b68d2000 ---p 00140000 08:01 546746     /lib/i686/cmov/libc-2.11.3.so
b68d2000-b68d4000 r--p 00140000 08:01 546746     /lib/i686/cmov/libc-2.11.3.so
b68d4000-b68d5000 rw-p 00142000 08:01 546746     /lib/i686/cmov/libc-2.11.3.so
b68d5000-b68d8000 rw-p 00000000 00:00 0 
b68d8000-b68ed000 r-xp 00000000 08:01 546736     /lib/i686/cmov/libpthread-2.11.3.so
b68ed000-b68ee000 r--p 00014000 08:01 546736     /lib/i686/cmov/libpthread-2.11.3.so
b68ee000-b68ef000 rw-p 00015000 08:01 546736     /lib/i686/cmov/libpthread-2.11.3.so
b68ef000-b68f1000 rw-p 00000000 00:00 0 
b68f1000-b6a15000 r-xp 00000000 08:01 380145     /usr/lib/libxml2.so.2.7.8
b6a15000-b6a1a000 rw-p 00124000 08:01 380145     /usr/lib/libxml2.so.2.7.8
b6a1a000-b6a1b000 rw-p 00000000 00:00 0 
b6a1b000-b6ae3000 r-xp 00000000 08:01 530413     /lib/libglib-2.0.so.0.2400.2
b6ae3000-b6ae4000 rw-p 000c8000 08:01 530413     /lib/libglib-2.0.so.0.2400.2
b6ae4000-b6ae5000 rw-p 00000000 00:00 0 
b6ae9000-b6aea000 rw-p 00000000 00:00 0 
b6aea000-b6aeb000 r--p 00000000 00:00 0 
b6aeb000-b6af2000 r-xp 00000000 08:01 546745     /lib/i686/cmov/librt-2.11.3.so
b6af2000-b6af3000 r--p 00006000 08:01 546745     /lib/i686/cmov/librt-2.11.3.so
b6af3000-b6af4000 rw-p 00007000 08:01 546745     /lib/i686/cmov/librt-2.11.3.so
b6af4000-b6af5000 rw-p 00000000 00:00 0 
b6af5000-b72a7000 r-xp 00000000 08:01 776199     /usr/lib/jvm/java-6-sun-1.6.0.26/jre/lib/i386/server/libjvm.so
b72a7000-b72fb000 rw-p 007b1000 08:01 776199     /usr/lib/jvm/java-6-sun-1.6.0.26/jre/lib/i386/server/libjvm.so
b72fb000-b7719000 rw-p 00000000 00:00 0 
b7719000-b77a9000 r-xp 00000000 08:01 826395     /home/uc/workspace/pef/bin/linux/components/pdp/libpdp.so
b77a9000-b77ab000 rw-p 00090000 08:01 826395     /home/uc/workspace/pef/bin/linux/components/pdp/libpdp.so
b77ab000-b77bd000 rw-p 00000000 00:00 0 
b77bd000-b77be000 r-xp 00000000 00:00 0          [vdso]
b77be000-b77d9000 r-xp 00000000 08:01 530839     /lib/ld-2.11.3.so
b77d9000-b77da000 r--p 0001b000 08:01 530839     /lib/ld-2.11.3.so
b77da000-b77db000 rw-p 0001c000 08:01 530839     /lib/ld-2.11.3.so
bfdbf000-bfdc2000 ---p 00000000 00:00 0 
bfdc3000-bfe0f000 rwxp 00000000 00:00 0          [stack]

VM Arguments:
jvm_args: -Xrs 
java_command: <unknown>
Launcher Type: generic

Environment Variables:
PATH=/home/uc/bin:/home/uc/bin:/usr/local/bin:/usr/bin:/bin:/usr/local/games:/usr/games
USERNAME=uc
LD_LIBRARY_PATH=/home/uc/workspace/pef/bin/linux/components/pdp/:/usr/lib/jvm/java-6-sun/jre/lib/i386/server/
SHELL=/bin/bash
DISPLAY=:0.0

Signal Handlers:
SIGSEGV: [libjvm.so+0x725510], sa_mask[0]=0x7ffbfeff, sa_flags=0x10000004
SIGBUS: [libjvm.so+0x725510], sa_mask[0]=0x7ffbfeff, sa_flags=0x10000004
SIGFPE: [libjvm.so+0x5dff20], sa_mask[0]=0x7ffbfeff, sa_flags=0x10000004
SIGPIPE: [libjvm.so+0x5dff20], sa_mask[0]=0x7ffbfeff, sa_flags=0x10000004
SIGXFSZ: [libjvm.so+0x5dff20], sa_mask[0]=0x7ffbfeff, sa_flags=0x10000004
SIGILL: [libjvm.so+0x5dff20], sa_mask[0]=0x7ffbfeff, sa_flags=0x10000004
SIGUSR1: SIG_DFL, sa_mask[0]=0x00000000, sa_flags=0x00000000
SIGUSR2: [libjvm.so+0x5e3160], sa_mask[0]=0x00000000, sa_flags=0x10000004
SIGHUP: SIG_DFL, sa_mask[0]=0x00000000, sa_flags=0x00000000
SIGINT: SIG_DFL, sa_mask[0]=0x00000000, sa_flags=0x00000000
SIGTERM: SIG_DFL, sa_mask[0]=0x00000000, sa_flags=0x00000000
SIGQUIT: SIG_DFL, sa_mask[0]=0x00000000, sa_flags=0x00000000


---------------  S Y S T E M  ---------------

OS:6.0.6

uname:Linux 2.6.32-5-686 #1 SMP Sun Sep 23 09:49:36 UTC 2012 i686
libc:glibc 2.11.3 NPTL 2.11.3 
rlimit: STACK 8192k, CORE 0k, NPROC infinity, NOFILE 1024, AS infinity
load average:0.20 0.05 0.01

/proc/meminfo:
MemTotal:         514636 kB
MemFree:           23688 kB
Buffers:            8048 kB
Cached:           153420 kB
SwapCached:         1444 kB
Active:           220952 kB
Inactive:         247896 kB
Active(anon):     143780 kB
Inactive(anon):   168056 kB
Active(file):      77172 kB
Inactive(file):    79840 kB
Unevictable:           0 kB
Mlocked:               0 kB
HighTotal:             0 kB
HighFree:              0 kB
LowTotal:         514636 kB
LowFree:           23688 kB
SwapTotal:        901112 kB
SwapFree:         883576 kB
Dirty:              1236 kB
Writeback:             0 kB
AnonPages:        306200 kB
Mapped:            83248 kB
Shmem:              4456 kB
Slab:              12744 kB
SReclaimable:       7056 kB
SUnreclaim:         5688 kB
KernelStack:        2192 kB
PageTables:         2828 kB
NFS_Unstable:          0 kB
Bounce:                0 kB
WritebackTmp:          0 kB
CommitLimit:     1158428 kB
Committed_AS:     723704 kB
VmallocTotal:     503800 kB
VmallocUsed:        6672 kB
VmallocChunk:     489152 kB
HardwareCorrupted:     0 kB
HugePages_Total:       0
HugePages_Free:        0
HugePages_Rsvd:        0
HugePages_Surp:        0
Hugepagesize:       4096 kB
DirectMap4k:       16384 kB
DirectMap4M:      507904 kB


CPU:total 1 (1 cores per cpu, 1 threads per core) family 6 model 42 stepping 7, cmov, cx8, fxsr, mmx, sse, sse2, sse3, ssse3, sse4.1, sse4.2, popcnt

/proc/cpuinfo:
processor	: 0
vendor_id	: GenuineIntel
cpu family	: 6
model		: 23
model name	: Intel(R) Core(TM)2 Quad CPU    Q9650  @ 3.00GHz
stepping	: 10
cpu MHz		: 2999.999
cache size	: 6144 KB
fdiv_bug	: no
hlt_bug		: no
f00f_bug	: no
coma_bug	: no
fpu		: yes
fpu_exception	: yes
cpuid level	: 13
wp		: yes
flags		: fpu vme de pse tsc msr pae mce cx8 apic sep mtrr pge mca cmov pat pse36 clflush dts mmx fxsr sse sse2 ss nx lm constant_tsc up arch_perfmon pebs bts xtopology tsc_reliable nonstop_tsc aperfmperf pni ssse3 cx16 sse4_1 hypervisor lahf_lm
bogomips	: 5999.99
clflush size	: 64
cache_alignment	: 64
address sizes	: 40 bits physical, 48 bits virtual
power management:



Memory: 4k page, physical 514636k(23688k free), swap 901112k(883576k free)

vm_info: Java HotSpot(TM) Server VM (20.1-b02) for linux-x86 JRE (1.6.0_26-b03), built on May  4 2011 01:04:10 by "java_re" with gcc 3.2.1-7a (J2SE release)

time: Tue Nov 13 10:59:51 2012
elapsed time: 0 seconds

