#
# A fatal error has been detected by the Java Runtime Environment:
#
#  SIGSEGV (0xb) at pc=0xb76d5a0f, pid=27318, tid=3058153216
#
# JRE version: 6.0_24-b24
# Java VM: OpenJDK Server VM (20.0-b12 mixed mode linux-x86 )
# Derivative: IcedTea6 1.11.5
# Distribution: Ubuntu 12.04 LTS, package 6b24-1.11.5-0ubuntu1~12.04.1
# Problematic frame:
# C  [libpdp.so+0x1ba0f]  mechanismParseXML+0x31a
#
# If you would like to submit a bug report, please include
# instructions how to reproduce the bug and visit:
#   https://bugs.launchpad.net/ubuntu/+source/openjdk-6/
# The crash happened outside the Java Virtual Machine in native code.
# See problematic frame for where to report the bug.
#

---------------  T H R E A D  ---------------

Current thread (0x09bdcc00):  JavaThread "main" [_thread_in_native, id=27318, stack(0xbf84a000,0xbf89a000)]

siginfo:si_signo=SIGSEGV: si_errno=0, si_code=1 (SEGV_MAPERR), si_addr=0x00000008

Registers:
EAX=0x00000000, EBX=0xb774fff4, ECX=0xb76a4448, EDX=0x09ca7978
ESP=0xbf897560, EBP=0xbf8975c8, ESI=0x00000004, EDI=0x0804e8ea
EIP=0xb76d5a0f, EFLAGS=0x00010282, CR2=0x00000008

Top of Stack: (sp=0xbf897560)
0xbf897560:   09bd7990 09c9f768 00000002 b7724020
0xbf897570:   09cbcae0 00000003 09cb68f0 b76ba000
0xbf897580:   b76bca80 00096080 b76a4440 ffffffff
0xbf897590:   b76a4a20 b76bc4c0 09cb7ca0 00000037
0xbf8975a0:   09cbcae0 09ca7978 09c9f768 00000000
0xbf8975b0:   bf897618 b77776a0 00000014 b774fff4
0xbf8975c0:   00000000 00000000 bf897618 b76e0c43
0xbf8975d0:   09c9f368 0804e8b8 b7750e40 ffffffff 

Instructions: (pc=0xb76d5a0f)
0xb76d59ef:   8b 55 e0 89 54 24 04 89 04 24 e8 22 d5 fe ff 8b
0xb76d59ff:   55 dc 89 42 24 8b 45 dc 8b 40 24 8b 00 8b 40 14
0xb76d5a0f:   8b 48 08 8b 45 dc 8b 40 24 8b 00 8b 10 8b 45 dc
0xb76d5a1f:   8b 40 24 8b 00 8b 40 14 c7 44 24 08 00 00 00 00 

Register to memory mapping:

EAX=0x00000000 is an unknown value
EBX=0xb774fff4: <offset 0x95ff4> in /home/qdft/pef/pef/bin/linux/components/pdp/libpdp.so at 0xb76ba000
ECX=0xb76a4448: <offset 0x1a6448> in /lib/i386-linux-gnu/libc.so.6 at 0xb74fe000
EDX=0x09ca7978 is an unknown value
ESP=0xbf897560 is pointing into the stack for thread: 0x09bdcc00
EBP=0xbf8975c8 is pointing into the stack for thread: 0x09bdcc00
ESI=0x00000004 is an unknown value
EDI=0x0804e8ea: <offset 0x68ea> in ./../../../bin/linux/applications/tests/testpdp at 0x08048000


Stack: [0xbf84a000,0xbf89a000],  sp=0xbf897560,  free space=309k
Native frames: (J=compiled Java code, j=interpreted, Vv=VM code, C=native code)
C  [libpdp.so+0x1ba0f]  mechanismParseXML+0x31a
C  [libpdp.so+0x26c43]  mechanismInstall+0x26
C  [libpdp.so+0x26b75]  searchMechanismNodes+0x2a1
C  [libpdp.so+0x24d7c]  loadPolicy+0x12c
C  [libpdp.so+0xa2d9]  pdpDeployPolicy+0xb2
C  [testpdp+0xe34]  eventAddParamString+0xe34


---------------  P R O C E S S  ---------------

Java Threads: ( => current thread )
  0x09c7e800 JavaThread "Low Memory Detector" daemon [_thread_blocked, id=27327, stack(0x6b45c000,0x6b4ad000)]
  0x09c7cc00 JavaThread "C2 CompilerThread1" daemon [_thread_blocked, id=27326, stack(0x6b4ad000,0x6b52e000)]
  0x09c7ac00 JavaThread "C2 CompilerThread0" daemon [_thread_blocked, id=27325, stack(0x6b52e000,0x6b5af000)]
  0x09c79400 JavaThread "Attach Listener" daemon [_thread_blocked, id=27324, stack(0x6b5af000,0x6b600000)]
  0x09c66c00 JavaThread "Finalizer" daemon [_thread_blocked, id=27323, stack(0x6b91d000,0x6b96e000)]
  0x09c65400 JavaThread "Reference Handler" daemon [_thread_blocked, id=27322, stack(0x6bc2e000,0x6bc7f000)]
=>0x09bdcc00 JavaThread "main" [_thread_in_native, id=27318, stack(0xbf84a000,0xbf89a000)]

Other Threads:
  0x09c61800 VMThread [stack: 0x6bc7f000,0x6bd00000] [id=27321]
  0x09c80400 WatcherThread [stack: 0x6b3db000,0x6b45c000] [id=27328]

VM state:not at safepoint (normal execution)

VM Mutex/Monitor currently owned by a thread: None

Heap
 PSYoungGen      total 18816K, used 323K [0x9e340000, 0x9f830000, 0xb3340000)
  eden space 16192K, 2% used [0x9e340000,0x9e390f70,0x9f310000)
  from space 2624K, 0% used [0x9f5a0000,0x9f5a0000,0x9f830000)
  to   space 2624K, 0% used [0x9f310000,0x9f310000,0x9f5a0000)
 PSOldGen        total 43008K, used 0K [0x74340000, 0x76d40000, 0x9e340000)
  object space 43008K, 0% used [0x74340000,0x74340000,0x76d40000)
 PSPermGen       total 16384K, used 1754K [0x6c340000, 0x6d340000, 0x74340000)
  object space 16384K, 10% used [0x6c340000,0x6c4f6838,0x6d340000)

Code Cache  [0xb3403000, 0xb3643000, 0xb6403000)
 total_blobs=90 nmethods=0 adapters=58 free_code_cache=50039232 largest_free_block=0

Dynamic libraries:
08048000-0804f000 r-xp 00000000 08:01 847775     /home/qdft/pef/pef/bin/linux/applications/tests/testpdp
0804f000-08050000 r--p 00006000 08:01 847775     /home/qdft/pef/pef/bin/linux/applications/tests/testpdp
08050000-08051000 rw-p 00007000 08:01 847775     /home/qdft/pef/pef/bin/linux/applications/tests/testpdp
09bd6000-09ccb000 rw-p 00000000 00:00 0          [heap]
6b3db000-6b3dc000 ---p 00000000 00:00 0 
6b3dc000-6b45c000 rw-p 00000000 00:00 0 
6b45c000-6b45f000 ---p 00000000 00:00 0 
6b45f000-6b4ad000 rw-p 00000000 00:00 0 
6b4ad000-6b4b0000 ---p 00000000 00:00 0 
6b4b0000-6b52e000 rw-p 00000000 00:00 0 
6b52e000-6b531000 ---p 00000000 00:00 0 
6b531000-6b5af000 rw-p 00000000 00:00 0 
6b5af000-6b5b2000 ---p 00000000 00:00 0 
6b5b2000-6b600000 rw-p 00000000 00:00 0 
6b600000-6b800000 r--p 00000000 08:01 139907     /usr/lib/locale/locale-archive
6b800000-6b821000 rw-p 00000000 00:00 0 
6b821000-6b900000 ---p 00000000 00:00 0 
6b91d000-6b920000 ---p 00000000 00:00 0 
6b920000-6b96e000 rw-p 00000000 00:00 0 
6b96e000-6bb00000 r--s 037c2000 08:01 136313     /usr/lib/jvm/java-6-openjdk-i386/jre/lib/rt.jar
6bb00000-6bb21000 rw-p 00000000 00:00 0 
6bb21000-6bc00000 ---p 00000000 00:00 0 
6bc2e000-6bc31000 ---p 00000000 00:00 0 
6bc31000-6bc7f000 rw-p 00000000 00:00 0 
6bc7f000-6bc80000 ---p 00000000 00:00 0 
6bc80000-6bd00000 rw-p 00000000 00:00 0 
6bd00000-6bd21000 rw-p 00000000 00:00 0 
6bd21000-6be00000 ---p 00000000 00:00 0 
6be2c000-6be2f000 r--s 00077000 08:01 158821     /usr/lib/jvm/java-6-openjdk-common/jre/lib/ext/localedata.jar
6be2f000-6be30000 r--s 00007000 08:01 402146     /usr/share/java/java-atk-wrapper.jar
6be30000-6be33000 r--s 00031000 08:01 158817     /usr/lib/jvm/java-6-openjdk-common/jre/lib/ext/sunjce_provider.jar
6be33000-6be35000 r--s 00001000 08:01 158820     /usr/lib/jvm/java-6-openjdk-common/jre/lib/ext/dnsns.jar
6be35000-6be37000 r--s 0000f000 08:01 158818     /usr/lib/jvm/java-6-openjdk-common/jre/lib/ext/pulse-java.jar
6be37000-6be3b000 r--s 00038000 08:01 158819     /usr/lib/jvm/java-6-openjdk-common/jre/lib/ext/sunpkcs11.jar
6be3b000-6be42000 r--s 00000000 08:01 142553     /usr/lib/i386-linux-gnu/gconv/gconv-modules.cache
6be42000-6be75000 rw-p 00000000 00:00 0 
6be75000-6be76000 ---p 00000000 00:00 0 
6be76000-6bef6000 rw-p 00000000 00:00 0 
6bef6000-6bef7000 ---p 00000000 00:00 0 
6bef7000-6bf7f000 rw-p 00000000 00:00 0 
6bf7f000-6bfb7000 rw-p 00000000 00:00 0 
6bfb7000-6bfcc000 rw-p 00000000 00:00 0 
6bfcc000-6c107000 rw-p 00000000 00:00 0 
6c107000-6c10f000 rw-p 00000000 00:00 0 
6c10f000-6c147000 rw-p 00000000 00:00 0 
6c147000-6c15c000 rw-p 00000000 00:00 0 
6c15c000-6c297000 rw-p 00000000 00:00 0 
6c297000-6c2a2000 rw-p 00000000 00:00 0 
6c2a2000-6c33f000 rw-p 00000000 00:00 0 
6c33f000-6d340000 rw-p 00000000 00:00 0 
6d340000-74340000 rw-p 00000000 00:00 0 
74340000-76d40000 rw-p 00000000 00:00 0 
76d40000-9e340000 rw-p 00000000 00:00 0 
9e340000-9f830000 rw-p 00000000 00:00 0 
9f830000-b3340000 rw-p 00000000 00:00 0 
b3343000-b334c000 rw-p 00000000 00:00 0 
b334c000-b3403000 rw-p 00000000 00:00 0 
b3403000-b3643000 rwxp 00000000 00:00 0 
b3643000-b6403000 rw-p 00000000 00:00 0 
b6403000-b640e000 r-xp 00000000 08:01 922332     /lib/i386-linux-gnu/libnss_files-2.15.so
b640e000-b640f000 r--p 0000a000 08:01 922332     /lib/i386-linux-gnu/libnss_files-2.15.so
b640f000-b6410000 rw-p 0000b000 08:01 922332     /lib/i386-linux-gnu/libnss_files-2.15.so
b6410000-b641a000 r-xp 00000000 08:01 922404     /lib/i386-linux-gnu/libnss_nis-2.15.so
b641a000-b641b000 r--p 00009000 08:01 922404     /lib/i386-linux-gnu/libnss_nis-2.15.so
b641b000-b641c000 rw-p 0000a000 08:01 922404     /lib/i386-linux-gnu/libnss_nis-2.15.so
b641c000-b6432000 r-xp 00000000 08:01 922384     /lib/i386-linux-gnu/libnsl-2.15.so
b6432000-b6433000 r--p 00015000 08:01 922384     /lib/i386-linux-gnu/libnsl-2.15.so
b6433000-b6434000 rw-p 00016000 08:01 922384     /lib/i386-linux-gnu/libnsl-2.15.so
b6434000-b6436000 rw-p 00000000 00:00 0 
b6436000-b643d000 r-xp 00000000 08:01 922165     /lib/i386-linux-gnu/libnss_compat-2.15.so
b643d000-b643e000 r--p 00006000 08:01 922165     /lib/i386-linux-gnu/libnss_compat-2.15.so
b643e000-b643f000 rw-p 00007000 08:01 922165     /lib/i386-linux-gnu/libnss_compat-2.15.so
b6440000-b6447000 r-xp 00000000 08:01 136626     /usr/lib/jvm/java-6-openjdk-i386/jre/lib/i386/libzip.so
b6447000-b6448000 r--p 00006000 08:01 136626     /usr/lib/jvm/java-6-openjdk-i386/jre/lib/i386/libzip.so
b6448000-b6449000 rw-p 00007000 08:01 136626     /usr/lib/jvm/java-6-openjdk-i386/jre/lib/i386/libzip.so
b6449000-b6451000 rw-s 00000000 08:01 1048730    /tmp/hsperfdata_qdft/27318
b6451000-b6477000 r-xp 00000000 08:01 136621     /usr/lib/jvm/java-6-openjdk-i386/jre/lib/i386/libjava.so
b6477000-b6478000 r--p 00025000 08:01 136621     /usr/lib/jvm/java-6-openjdk-i386/jre/lib/i386/libjava.so
b6478000-b647a000 rw-p 00026000 08:01 136621     /usr/lib/jvm/java-6-openjdk-i386/jre/lib/i386/libjava.so
b647a000-b647d000 rw-p 00000000 00:00 0 
b647d000-b6499000 r-xp 00000000 08:01 918454     /lib/i386-linux-gnu/libgcc_s.so.1
b6499000-b649a000 r--p 0001b000 08:01 918454     /lib/i386-linux-gnu/libgcc_s.so.1
b649a000-b649b000 rw-p 0001c000 08:01 918454     /lib/i386-linux-gnu/libgcc_s.so.1
b649b000-b649c000 rw-p 00000000 00:00 0 
b649c000-b6574000 r-xp 00000000 08:01 136242     /usr/lib/i386-linux-gnu/libstdc++.so.6.0.16
b6574000-b6575000 ---p 000d8000 08:01 136242     /usr/lib/i386-linux-gnu/libstdc++.so.6.0.16
b6575000-b6579000 r--p 000d8000 08:01 136242     /usr/lib/i386-linux-gnu/libstdc++.so.6.0.16
b6579000-b657a000 rw-p 000dc000 08:01 136242     /usr/lib/i386-linux-gnu/libstdc++.so.6.0.16
b657a000-b6581000 rw-p 00000000 00:00 0 
b6581000-b65ab000 r-xp 00000000 08:01 922204     /lib/i386-linux-gnu/libm-2.15.so
b65ab000-b65ac000 r--p 00029000 08:01 922204     /lib/i386-linux-gnu/libm-2.15.so
b65ac000-b65ad000 rw-p 0002a000 08:01 922204     /lib/i386-linux-gnu/libm-2.15.so
b65ad000-b65c1000 r-xp 00000000 08:01 918544     /lib/i386-linux-gnu/libz.so.1.2.3.4
b65c1000-b65c2000 r--p 00013000 08:01 918544     /lib/i386-linux-gnu/libz.so.1.2.3.4
b65c2000-b65c3000 rw-p 00014000 08:01 918544     /lib/i386-linux-gnu/libz.so.1.2.3.4
b65c3000-b65c6000 r-xp 00000000 08:01 922312     /lib/i386-linux-gnu/libdl-2.15.so
b65c6000-b65c7000 r--p 00002000 08:01 922312     /lib/i386-linux-gnu/libdl-2.15.so
b65c7000-b65c8000 rw-p 00003000 08:01 922312     /lib/i386-linux-gnu/libdl-2.15.so
b65c8000-b65cf000 r-xp 00000000 08:01 922176     /lib/i386-linux-gnu/librt-2.15.so
b65cf000-b65d0000 r--p 00006000 08:01 922176     /lib/i386-linux-gnu/librt-2.15.so
b65d0000-b65d1000 rw-p 00007000 08:01 922176     /lib/i386-linux-gnu/librt-2.15.so
b65d1000-b65d2000 rw-p 00000000 00:00 0 
b65d2000-b660c000 r-xp 00000000 08:01 918506     /lib/i386-linux-gnu/libpcre.so.3.12.1
b660c000-b660d000 r--p 00039000 08:01 918506     /lib/i386-linux-gnu/libpcre.so.3.12.1
b660d000-b660e000 rw-p 0003a000 08:01 918506     /lib/i386-linux-gnu/libpcre.so.3.12.1
b660e000-b6e2d000 r-xp 00000000 08:01 148951     /usr/lib/jvm/java-6-openjdk-i386/jre/lib/i386/server/libjvm.so
b6e2d000-b6e2e000 ---p 0081f000 08:01 148951     /usr/lib/jvm/java-6-openjdk-i386/jre/lib/i386/server/libjvm.so
b6e2e000-b6e73000 r--p 0081f000 08:01 148951     /usr/lib/jvm/java-6-openjdk-i386/jre/lib/i386/server/libjvm.so
b6e73000-b6e82000 rw-p 00864000 08:01 148951     /usr/lib/jvm/java-6-openjdk-i386/jre/lib/i386/server/libjvm.so
b6e82000-b729c000 rw-p 00000000 00:00 0 
b729c000-b72b3000 r-xp 00000000 08:01 922392     /lib/i386-linux-gnu/libpthread-2.15.so
b72b3000-b72b4000 r--p 00016000 08:01 922392     /lib/i386-linux-gnu/libpthread-2.15.so
b72b4000-b72b5000 rw-p 00017000 08:01 922392     /lib/i386-linux-gnu/libpthread-2.15.so
b72b5000-b72b7000 rw-p 00000000 00:00 0 
b72b7000-b73fe000 r-xp 00000000 08:01 136389     /usr/lib/i386-linux-gnu/libxml2.so.2.7.8
b73fe000-b7402000 r--p 00147000 08:01 136389     /usr/lib/i386-linux-gnu/libxml2.so.2.7.8
b7402000-b7403000 rw-p 0014b000 08:01 136389     /usr/lib/i386-linux-gnu/libxml2.so.2.7.8
b7403000-b7404000 rw-p 00000000 00:00 0 
b7404000-b74fb000 r-xp 00000000 08:01 918458     /lib/i386-linux-gnu/libglib-2.0.so.0.3200.3
b74fb000-b74fc000 r--p 000f6000 08:01 918458     /lib/i386-linux-gnu/libglib-2.0.so.0.3200.3
b74fc000-b74fd000 rw-p 000f7000 08:01 918458     /lib/i386-linux-gnu/libglib-2.0.so.0.3200.3
b74fd000-b74fe000 rw-p 00000000 00:00 0 
b74fe000-b76a1000 r-xp 00000000 08:01 922388     /lib/i386-linux-gnu/libc-2.15.so
b76a1000-b76a2000 ---p 001a3000 08:01 922388     /lib/i386-linux-gnu/libc-2.15.so
b76a2000-b76a4000 r--p 001a3000 08:01 922388     /lib/i386-linux-gnu/libc-2.15.so
b76a4000-b76a5000 rw-p 001a5000 08:01 922388     /lib/i386-linux-gnu/libc-2.15.so
b76a5000-b76a8000 rw-p 00000000 00:00 0 
b76a8000-b76a9000 r--p 005e0000 08:01 139907     /usr/lib/locale/locale-archive
b76a9000-b76aa000 rw-p 00000000 00:00 0 
b76aa000-b76ab000 r--p 00000000 00:00 0 
b76ab000-b76b6000 r-xp 00000000 08:01 158827     /usr/lib/jvm/java-6-openjdk-i386/jre/lib/i386/libverify.so
b76b6000-b76b7000 ---p 0000b000 08:01 158827     /usr/lib/jvm/java-6-openjdk-i386/jre/lib/i386/libverify.so
b76b7000-b76b8000 r--p 0000b000 08:01 158827     /usr/lib/jvm/java-6-openjdk-i386/jre/lib/i386/libverify.so
b76b8000-b76b9000 rw-p 0000c000 08:01 158827     /usr/lib/jvm/java-6-openjdk-i386/jre/lib/i386/libverify.so
b76b9000-b76ba000 rw-p 00000000 00:00 0 
b76ba000-b774d000 r-xp 00000000 08:01 847753     /home/qdft/pef/pef/bin/linux/components/pdp/libpdp.so
b774d000-b774e000 ---p 00093000 08:01 847753     /home/qdft/pef/pef/bin/linux/components/pdp/libpdp.so
b774e000-b7750000 r--p 00093000 08:01 847753     /home/qdft/pef/pef/bin/linux/components/pdp/libpdp.so
b7750000-b7751000 rw-p 00095000 08:01 847753     /home/qdft/pef/pef/bin/linux/components/pdp/libpdp.so
b7751000-b7762000 rw-p 00000000 00:00 0 
b7762000-b7763000 r-xp 00000000 00:00 0          [vdso]
b7763000-b7783000 r-xp 00000000 08:01 922335     /lib/i386-linux-gnu/ld-2.15.so
b7783000-b7784000 r--p 0001f000 08:01 922335     /lib/i386-linux-gnu/ld-2.15.so
b7784000-b7785000 rw-p 00020000 08:01 922335     /lib/i386-linux-gnu/ld-2.15.so
bf84a000-bf84d000 ---p 00000000 00:00 0 
bf84e000-bf89a000 rw-p 00000000 00:00 0          [stack]

VM Arguments:
jvm_args: -Xrs 
java_command: <unknown>
Launcher Type: generic

Environment Variables:
PATH=/usr/local/sbin:/usr/local/bin:/usr/sbin:/usr/bin:/sbin:/bin:/usr/games
LD_LIBRARY_PATH=/home/qdft/pef/pef/bin/linux/components/pdp/:/usr/lib/jvm/java-6-openjdk-i386/jre/lib/i386/server/
SHELL=/bin/bash
DISPLAY=:0

Signal Handlers:
SIGSEGV: [libjvm.so+0x66b320], sa_mask[0]=0x7ffbfeff, sa_flags=0x10000004
SIGBUS: [libjvm.so+0x66b320], sa_mask[0]=0x7ffbfeff, sa_flags=0x10000004
SIGFPE: [libjvm.so+0x52e8c0], sa_mask[0]=0x7ffbfeff, sa_flags=0x10000004
SIGPIPE: [libjvm.so+0x52e8c0], sa_mask[0]=0x7ffbfeff, sa_flags=0x10000004
SIGXFSZ: [libjvm.so+0x52e8c0], sa_mask[0]=0x7ffbfeff, sa_flags=0x10000004
SIGILL: [libjvm.so+0x52e8c0], sa_mask[0]=0x7ffbfeff, sa_flags=0x10000004
SIGUSR1: SIG_DFL, sa_mask[0]=0x00000000, sa_flags=0x00000000
SIGUSR2: [libjvm.so+0x52e750], sa_mask[0]=0x00000000, sa_flags=0x10000004
SIGHUP: SIG_DFL, sa_mask[0]=0x00000000, sa_flags=0x00000000
SIGINT: SIG_DFL, sa_mask[0]=0x00000000, sa_flags=0x00000000
SIGTERM: SIG_DFL, sa_mask[0]=0x00000000, sa_flags=0x00000000
SIGQUIT: SIG_DFL, sa_mask[0]=0x00000000, sa_flags=0x00000000


---------------  S Y S T E M  ---------------

OS:Ubuntu 12.04 (precise)
uname:Linux 3.2.0-32-generic-pae #51-Ubuntu SMP Wed Sep 26 21:54:23 UTC 2012 i686
libc:glibc 2.15 NPTL 2.15 
rlimit: STACK 8192k, CORE 0k, NPROC 32084, NOFILE 4096, AS infinity
load average:0.05 0.08 0.11

/proc/meminfo:
MemTotal:        4121332 kB
MemFree:         2778364 kB
Buffers:          227724 kB
Cached:           740792 kB
SwapCached:            0 kB
Active:           737744 kB
Inactive:         495236 kB
Active(anon):     265120 kB
Inactive(anon):     7208 kB
Active(file):     472624 kB
Inactive(file):   488028 kB
Unevictable:           0 kB
Mlocked:               0 kB
HighTotal:       3280776 kB
HighFree:        2249592 kB
LowTotal:         840556 kB
LowFree:          528772 kB
SwapTotal:       2094076 kB
SwapFree:        2094076 kB
Dirty:                96 kB
Writeback:             0 kB
AnonPages:        264528 kB
Mapped:           118332 kB
Shmem:              7860 kB
Slab:              69484 kB
SReclaimable:      53116 kB
SUnreclaim:        16368 kB
KernelStack:        2696 kB
PageTables:         6568 kB
NFS_Unstable:          0 kB
Bounce:                0 kB
WritebackTmp:          0 kB
CommitLimit:     4154740 kB
Committed_AS:    2103592 kB
VmallocTotal:     122880 kB
VmallocUsed:       22296 kB
VmallocChunk:      84028 kB
HardwareCorrupted:     0 kB
AnonHugePages:         0 kB
HugePages_Total:       0
HugePages_Free:        0
HugePages_Rsvd:        0
HugePages_Surp:        0
Hugepagesize:       2048 kB
DirectMap4k:       10232 kB
DirectMap2M:      903168 kB


CPU:total 2 (2 cores per cpu, 1 threads per core) family 6 model 42 stepping 7, cmov, cx8, fxsr, mmx, sse, sse2, sse3, ssse3, sse4.1, sse4.2, popcnt

Memory: 4k page, physical 4121332k(2778364k free), swap 2094076k(2094076k free)

vm_info: OpenJDK Server VM (20.0-b12) for linux-x86 JRE (1.6.0_24-b24), built on Oct 24 2012 16:19:13 by "buildd" with gcc 4.6.3

time: Tue Nov 20 18:27:09 2012
elapsed time: 0 seconds

