file /mnt/hgfs/uc4linux-git/qdft/FhG-ESF/src/main/c/SConscript,line 134:
	Configure(confdir = .sconf_temp)
scons: Configure: Checking whether the C compiler works
.sconf_temp/conftest_0.c <-
  |
  |int main()
  |{
  |    return 0;
  |}
  |
Compiling .sconf_temp/conftest_0.o
scons: Configure: yes

scons: Configure: Checking for C library glib-2.0... 
.sconf_temp/conftest_1.c <-
  |
  |
  |
  |int
  |main() {
  |  
  |return 0;
  |}
  |
Compiling .sconf_temp/conftest_1.o
Linking .sconf_temp/conftest_1
/usr/bin/ld: cannot find -lintl
collect2: ld returned 1 exit status
scons: Configure: no

scons: Configure: Checking for C library xml2... 
.sconf_temp/conftest_2.c <-
  |
  |
  |
  |int
  |main() {
  |  
  |return 0;
  |}
  |
Compiling .sconf_temp/conftest_2.o
Linking .sconf_temp/conftest_2
/usr/bin/ld: cannot find -lintl
collect2: ld returned 1 exit status
scons: Configure: no

scons: Configure: Checking for C library pthread... 
.sconf_temp/conftest_3.c <-
  |
  |
  |
  |int
  |main() {
  |  
  |return 0;
  |}
  |
Compiling .sconf_temp/conftest_3.o
Linking .sconf_temp/conftest_3
/usr/bin/ld: cannot find -lintl
collect2: ld returned 1 exit status
scons: Configure: no

